<?xml version="1.0" encoding="UTF-8"?>
<!-- Generated by org.testng.reporters.JUnitReportReporter -->
<testsuite hostname="Rakesh" failures="0" tests="1" name="contactTests.ToCreateContactTest" time="14.399" errors="0" timestamp="2025-05-03T18:09:25 IST" skipped="0">
  <testcase classname="contactTests.ToCreateContactTest" name="toCreateContact__001" time="14.399"/>
  <system-out/>
</testsuite> <!-- contactTests.ToCreateContactTest -->
