<?xml version="1.0" encoding="UTF-8"?>
<!-- Generated by org.testng.reporters.JUnitReportReporter -->
<testsuite hostname="Rakesh" failures="0" tests="1" name="organizationTests.ToCreateOrgWithIndustryTest" time="18.595" errors="0" timestamp="2025-03-25T09:48:12 IST" skipped="0">
  <testcase classname="organizationTests.ToCreateOrgWithIndustryTest" name="toCreateOrgWithIndustry__003" time="18.595"/>
  <system-out/>
</testsuite> <!-- organizationTests.ToCreateOrgWithIndustryTest -->
