<?xml version="1.0" encoding="UTF-8"?>
<!-- Generated by org.testng.reporters.JUnitReportReporter -->
<testsuite hostname="Rakesh" failures="0" tests="1" name="contactTests.ToCreateOrgWithTypeTest" time="14.275" errors="0" timestamp="2025-03-22T09:48:25 IST" skipped="0">
  <testcase classname="contactTests.ToCreateOrgWithTypeTest" name="ToCreateOrgWithTypeTest__004" time="14.275"/>
  <system-out/>
</testsuite> <!-- contactTests.ToCreateOrgWithTypeTest -->
