<?xml version="1.0" encoding="UTF-8"?>
<!-- Generated by org.testng.reporters.JUnitReportReporter -->
<testsuite hostname="Rakesh" failures="0" tests="3" name="organizationTests.ToCreateOrgTest" time="76.374" errors="0" timestamp="2025-05-03T18:07:41 IST" skipped="0">
  <testcase classname="organizationTests.ToCreateOrgTest" name="toCreateOrg__002" time="27.087"/>
  <system-out/>
  <testcase classname="organizationTests.ToCreateOrgTest" name="toCreateOrg__002" time="23.451"/>
  <system-out/>
  <testcase classname="organizationTests.ToCreateOrgTest" name="toCreateOrg__002" time="25.836"/>
  <system-out/>
</testsuite> <!-- organizationTests.ToCreateOrgTest -->
