<?xml version="1.0" encoding="UTF-8"?>
<!-- Generated by org.testng.reporters.JUnitReportReporter -->
<testsuite hostname="Rakesh" failures="0" tests="1" name="organizationTests.ToCreateOrgTest" time="18.272" errors="0" timestamp="2025-03-25T09:48:01 IST" skipped="0">
  <testcase classname="organizationTests.ToCreateOrgTest" name="toCreateOrg__002" time="18.272"/>
  <system-out/>
</testsuite> <!-- organizationTests.ToCreateOrgTest -->
