<?xml version="1.0" encoding="UTF-8"?>
<!-- Generated by org.testng.reporters.JUnitReportReporter -->
<testsuite hostname="Rakesh" failures="0" tests="1" name="contactTests.ToCreateOrgWithIndustryTest" time="14.514" errors="0" timestamp="2025-03-22T09:48:25 IST" skipped="0">
  <testcase classname="contactTests.ToCreateOrgWithIndustryTest" name="toCreateOrgWithIndustry__003" time="14.514"/>
  <system-out/>
</testsuite> <!-- contactTests.ToCreateOrgWithIndustryTest -->
