<?xml version="1.0" encoding="UTF-8"?>
<!-- Generated by org.testng.reporters.JUnitReportReporter -->
<testsuite hostname="Rakesh" failures="0" tests="1" name="organizationTests.ToCreateOrgTest" time="17.152" errors="0" timestamp="2025-04-03T10:08:17 IST" skipped="0">
  <testcase classname="organizationTests.ToCreateOrgTest" name="toCreateOrg__002" time="17.152"/>
  <system-out/>
</testsuite> <!-- organizationTests.ToCreateOrgTest -->
