<?xml version="1.0" encoding="UTF-8"?>
<!-- Generated by org.testng.reporters.JUnitReportReporter -->
<testsuite hostname="Rakesh" failures="0" tests="1" name="contactTests.ToCreateContactWithOrgTest" time="16.790" errors="0" timestamp="2025-04-03T10:08:17 IST" skipped="0">
  <testcase classname="contactTests.ToCreateContactWithOrgTest" name="ToCreateContactWithOrgTest__005" time="16.790"/>
  <system-out/>
</testsuite> <!-- contactTests.ToCreateContactWithOrgTest -->
