<?xml version="1.0" encoding="UTF-8"?>
<!-- Generated by org.testng.reporters.JUnitReportReporter -->
<testsuite hostname="Rakesh" failures="0" tests="1" name="contactTests.ToCreateContactWithOrgTest" time="17.426" errors="0" timestamp="2025-05-03T18:09:25 IST" skipped="0">
  <testcase classname="contactTests.ToCreateContactWithOrgTest" name="ToCreateContactWithOrgTest__005" time="17.426"/>
  <system-out/>
</testsuite> <!-- contactTests.ToCreateContactWithOrgTest -->
