<?xml version="1.0" encoding="UTF-8"?>
<!-- Generated by org.testng.reporters.JUnitReportReporter -->
<testsuite hostname="Rakesh" failures="0" tests="1" name="organizationTests.ToCreateOrgWithTypeTest" time="18.015" errors="0" timestamp="2025-03-25T09:48:19 IST" skipped="0">
  <testcase classname="organizationTests.ToCreateOrgWithTypeTest" name="ToCreateOrgWithTypeTest__004" time="18.015"/>
  <system-out/>
</testsuite> <!-- organizationTests.ToCreateOrgWithTypeTest -->
