<?xml version="1.0" encoding="UTF-8"?>
<!-- Generated by org.testng.reporters.JUnitReportReporter -->
<testsuite hostname="Rakesh" failures="0" tests="1" name="organizationTests.ToCreateOrgTest" time="16.222" errors="0" timestamp="2025-03-27T09:45:55 IST" skipped="0">
  <testcase classname="organizationTests.ToCreateOrgTest" name="toCreateOrg__002" time="16.222"/>
  <system-out>
    <![CDATA[Database connection established
WebDriver initialized: Yes
WebDriver initialized: Yes
WebDriver initialized: Yes
Database connection disconnect]]>
  </system-out>
</testsuite> <!-- organizationTests.ToCreateOrgTest -->
