<?xml version="1.0" encoding="UTF-8"?>
<!-- Generated by org.testng.reporters.JUnitReportReporter -->
<testsuite hostname="Rakesh" failures="0" tests="1" name="contactTests.ToCreateContactTest" time="14.893" errors="0" timestamp="2025-03-27T09:48:11 IST" skipped="0">
  <testcase classname="contactTests.ToCreateContactTest" name="toCreateContact__001" time="14.893"/>
  <system-out>
    <![CDATA[Database connection established
WebDriver initialized: Yes
WebDriver initialized: Yes
Database connection disconnect]]>
  </system-out>
</testsuite> <!-- contactTests.ToCreateContactTest -->
