<?xml version="1.0" encoding="UTF-8"?>
<!-- Generated by org.testng.reporters.JUnitReportReporter -->
<testsuite hostname="Rakesh" failures="0" tests="1" name="organizationTests.ToCreateOrgWithIndustryTest" time="15.456" errors="0" timestamp="2025-03-27T09:45:56 IST" skipped="0">
  <testcase classname="organizationTests.ToCreateOrgWithIndustryTest" name="toCreateOrgWithIndustry__003" time="15.456"/>
  <system-out>
    <![CDATA[Database connection established
WebDriver initialized: Yes
WebDriver initialized: Yes
WebDriver initialized: Yes
Database connection disconnect]]>
  </system-out>
</testsuite> <!-- organizationTests.ToCreateOrgWithIndustryTest -->
